<beans xmlns="http://www.springframework.org/schema/beans"
	xmlns:xsi="http://www.w3.org/2001/XMLSchema-instance"
	xmlns:context="http://www.springframework.org/schema/context"
	xsi:schemaLocation="http://www.springframework.org/schema/beans
   		http://www.springframework.org/schema/beans/spring-beans.xsd
   		http://www.springframework.org/schema/context
        http://www.springframework.org/schema/context/spring-context.xsd">
    	
    <context:component-scan base-package="org.mardep.ssrs.dms.ocr.service" />
    <context:component-scan base-package="org.mardep.ssrs.dms.ocr.dbService" />
    <context:component-scan base-package="org.mardep.ssrs.dms.ocr.action" />
    
    <import resource="classpath:/server/service.xml" />
    
	<bean id="dataSource" class="org.apache.commons.dbcp.BasicDataSource"
		destroy-method="close">
		<property name="driverClassName" 	value="com.microsoft.sqlserver.jdbc.SQLServerDriver" />
		<property name="url" 				value="jdbc:sqlserver://DTW10\SQLDEVELOPER2016:1433;databaseName=SSRS_PROD_1028" />
		<property name="username" value="ssrs_user"/>
		<property name="password" value="Q1w2e3r4t5"/>
	</bean>
	
</beans>
